{"C:\\Users\\Administrator\\Desktop\\simple\\app.js":{"path":"C:\\Users\\Administrator\\Desktop\\simple\\app.js","s":{"1":1,"2":1,"3":1,"4":1,"5":1,"6":1,"7":1,"8":1,"9":1,"10":1,"11":1,"12":1,"13":1,"14":1,"15":1,"16":1,"17":1,"18":1,"19":1,"20":1,"21":1,"22":1,"23":1,"24":1,"25":1,"26":1,"27":0,"28":1,"29":0,"30":0,"31":0,"32":0,"33":1},"b":{"1":[0,0],"2":[0,0]},"f":{"1":0,"2":0},"fnMap":{"1":{"name":"(anonymous_1)","line":34,"loc":{"start":{"line":34,"column":8},"end":{"line":34,"column":33}}},"2":{"name":"(anonymous_2)","line":39,"loc":{"start":{"line":39,"column":8},"end":{"line":39,"column":38}}}},"statementMap":{"1":{"start":{"line":1,"column":0},"end":{"line":1,"column":41}},"2":{"start":{"line":2,"column":0},"end":{"line":2,"column":33}},"3":{"start":{"line":3,"column":0},"end":{"line":3,"column":27}},"4":{"start":{"line":4,"column":0},"end":{"line":4,"column":44}},"5":{"start":{"line":5,"column":0},"end":{"line":5,"column":31}},"6":{"start":{"line":7,"column":0},"end":{"line":7,"column":44}},"7":{"start":{"line":8,"column":0},"end":{"line":8,"column":42}},"8":{"start":{"line":9,"column":0},"end":{"line":9,"column":42}},"9":{"start":{"line":10,"column":0},"end":{"line":10,"column":42}},"10":{"start":{"line":11,"column":0},"end":{"line":11,"column":44}},"11":{"start":{"line":12,"column":0},"end":{"line":12,"column":40}},"12":{"start":{"line":14,"column":0},"end":{"line":14,"column":20}},"13":{"start":{"line":17,"column":0},"end":{"line":17,"column":48}},"14":{"start":{"line":18,"column":0},"end":{"line":18,"column":30}},"15":{"start":{"line":20,"column":0},"end":{"line":20,"column":23}},"16":{"start":{"line":21,"column":0},"end":{"line":21,"column":24}},"17":{"start":{"line":22,"column":0},"end":{"line":22,"column":49}},"18":{"start":{"line":23,"column":0},"end":{"line":23,"column":24}},"19":{"start":{"line":24,"column":0},"end":{"line":24,"column":56}},"20":{"start":{"line":26,"column":0},"end":{"line":26,"column":26}},"21":{"start":{"line":27,"column":0},"end":{"line":27,"column":29}},"22":{"start":{"line":28,"column":0},"end":{"line":28,"column":29}},"23":{"start":{"line":29,"column":0},"end":{"line":29,"column":29}},"24":{"start":{"line":30,"column":0},"end":{"line":30,"column":31}},"25":{"start":{"line":31,"column":0},"end":{"line":31,"column":27}},"26":{"start":{"line":34,"column":0},"end":{"line":36,"column":3}},"27":{"start":{"line":35,"column":2},"end":{"line":35,"column":25}},"28":{"start":{"line":39,"column":0},"end":{"line":47,"column":3}},"29":{"start":{"line":41,"column":2},"end":{"line":41,"column":35}},"30":{"start":{"line":42,"column":2},"end":{"line":42,"column":69}},"31":{"start":{"line":45,"column":2},"end":{"line":45,"column":32}},"32":{"start":{"line":46,"column":2},"end":{"line":46,"column":22}},"33":{"start":{"line":50,"column":0},"end":{"line":50,"column":21}}},"branchMap":{"1":{"line":42,"type":"cond-expr","locations":[{"start":{"line":42,"column":60},"end":{"line":42,"column":63}},{"start":{"line":42,"column":66},"end":{"line":42,"column":68}}]},"2":{"line":45,"type":"binary-expr","locations":[{"start":{"line":45,"column":13},"end":{"line":45,"column":23}},{"start":{"line":45,"column":27},"end":{"line":45,"column":30}}]}}},"C:\\Users\\Administrator\\Desktop\\simple\\routes\\index.js":{"path":"C:\\Users\\Administrator\\Desktop\\simple\\routes\\index.js","s":{"1":1,"2":1,"3":1,"4":1,"5":1,"6":1,"7":1,"8":1,"9":1,"10":0,"11":1,"12":0,"13":0,"14":0,"15":0,"16":0,"17":0,"18":0,"19":0,"20":0,"21":0,"22":0,"23":1,"24":0,"25":1},"b":{"1":[0,0]},"f":{"1":0,"2":0,"3":0},"fnMap":{"1":{"name":"(anonymous_1)","line":14,"loc":{"start":{"line":14,"column":16},"end":{"line":14,"column":41}}},"2":{"name":"(anonymous_2)","line":21,"loc":{"start":{"line":21,"column":5},"end":{"line":21,"column":30}}},"3":{"name":"(anonymous_3)","line":39,"loc":{"start":{"line":39,"column":23},"end":{"line":39,"column":45}}}},"statementMap":{"1":{"start":{"line":1,"column":0},"end":{"line":1,"column":33}},"2":{"start":{"line":2,"column":0},"end":{"line":2,"column":30}},"3":{"start":{"line":3,"column":0},"end":{"line":3,"column":65}},"4":{"start":{"line":5,"column":0},"end":{"line":5,"column":44}},"5":{"start":{"line":7,"column":0},"end":{"line":7,"column":15}},"6":{"start":{"line":8,"column":0},"end":{"line":8,"column":14}},"7":{"start":{"line":9,"column":0},"end":{"line":9,"column":29}},"8":{"start":{"line":11,"column":0},"end":{"line":11,"column":27}},"9":{"start":{"line":14,"column":0},"end":{"line":16,"column":3}},"10":{"start":{"line":15,"column":2},"end":{"line":15,"column":22}},"11":{"start":{"line":18,"column":0},"end":{"line":37,"column":3}},"12":{"start":{"line":22,"column":4},"end":{"line":22,"column":28}},"13":{"start":{"line":23,"column":4},"end":{"line":23,"column":41}},"14":{"start":{"line":24,"column":4},"end":{"line":24,"column":29}},"15":{"start":{"line":25,"column":4},"end":{"line":34,"column":5}},"16":{"start":{"line":26,"column":6},"end":{"line":26,"column":43}},"17":{"start":{"line":28,"column":6},"end":{"line":28,"column":35}},"18":{"start":{"line":29,"column":6},"end":{"line":29,"column":33}},"19":{"start":{"line":30,"column":6},"end":{"line":30,"column":30}},"20":{"start":{"line":31,"column":6},"end":{"line":31,"column":41}},"21":{"start":{"line":33,"column":6},"end":{"line":33,"column":26}},"22":{"start":{"line":35,"column":4},"end":{"line":35,"column":31}},"23":{"start":{"line":39,"column":0},"end":{"line":41,"column":3}},"24":{"start":{"line":40,"column":2},"end":{"line":40,"column":21}},"25":{"start":{"line":42,"column":0},"end":{"line":42,"column":24}}},"branchMap":{"1":{"line":25,"type":"if","locations":[{"start":{"line":25,"column":4},"end":{"line":25,"column":4}},{"start":{"line":25,"column":4},"end":{"line":25,"column":4}}]}}},"C:\\Users\\Administrator\\Desktop\\simple\\routes\\linkedlist.js":{"path":"C:\\Users\\Administrator\\Desktop\\simple\\routes\\linkedlist.js","s":{"1":1,"2":1,"3":16,"4":16,"5":16,"6":2,"7":2,"8":18,"9":18,"10":18,"11":13,"12":18,"13":7,"14":7,"15":1,"16":1,"17":6,"18":6,"19":6,"20":4,"21":1,"22":3,"23":3,"24":2,"25":2,"26":3,"27":3,"28":2,"29":2,"30":1,"31":1,"32":1,"33":3,"34":1,"35":3,"36":4,"37":2,"38":2,"39":2,"40":4,"41":1,"42":3,"43":1,"44":3,"45":1,"46":2,"47":2,"48":1,"49":1,"50":2,"51":10,"52":10,"53":10,"54":7,"55":7,"56":10,"57":9,"58":9,"59":6,"60":1,"61":1,"62":1,"63":1,"64":3,"65":3,"66":3,"67":3,"68":1,"69":1,"70":1,"71":1},"b":{"1":[13,5],"2":[1,6],"3":[1,3],"4":[5,4],"5":[2,1],"6":[1,1],"7":[1,2],"8":[2,2],"9":[1,3],"10":[4,4],"11":[1,2],"12":[1,1]},"f":{"1":16,"2":2,"3":2,"4":18,"5":7,"6":4,"7":4,"8":3,"9":10,"10":9,"11":1},"fnMap":{"1":{"name":"(anonymous_1)","line":6,"loc":{"start":{"line":6,"column":13},"end":{"line":6,"column":34}}},"2":{"name":"(anonymous_2)","line":14,"loc":{"start":{"line":14,"column":9},"end":{"line":14,"column":11}}},"3":{"name":"(anonymous_3)","line":18,"loc":{"start":{"line":18,"column":9},"end":{"line":18,"column":11}}},"4":{"name":"(anonymous_4)","line":22,"loc":{"start":{"line":22,"column":9},"end":{"line":22,"column":17}}},"5":{"name":"(anonymous_5)","line":36,"loc":{"start":{"line":36,"column":8},"end":{"line":36,"column":16}}},"6":{"name":"(anonymous_6)","line":54,"loc":{"start":{"line":54,"column":8},"end":{"line":54,"column":16}}},"7":{"name":"(anonymous_7)","line":91,"loc":{"start":{"line":91,"column":6},"end":{"line":91,"column":14}}},"8":{"name":"(anonymous_8)","line":114,"loc":{"start":{"line":114,"column":12},"end":{"line":114,"column":15}}},"9":{"name":"(anonymous_9)","line":131,"loc":{"start":{"line":131,"column":9},"end":{"line":131,"column":12}}},"10":{"name":"(anonymous_10)","line":144,"loc":{"start":{"line":144,"column":14},"end":{"line":144,"column":17}}},"11":{"name":"(anonymous_11)","line":150,"loc":{"start":{"line":150,"column":9},"end":{"line":150,"column":12}}}},"statementMap":{"1":{"start":{"line":1,"column":0},"end":{"line":1,"column":46}},"2":{"start":{"line":2,"column":0},"end":{"line":2,"column":44}},"3":{"start":{"line":8,"column":4},"end":{"line":8,"column":21}},"4":{"start":{"line":9,"column":4},"end":{"line":9,"column":21}},"5":{"start":{"line":11,"column":4},"end":{"line":11,"column":54}},"6":{"start":{"line":15,"column":4},"end":{"line":15,"column":21}},"7":{"start":{"line":19,"column":4},"end":{"line":19,"column":21}},"8":{"start":{"line":24,"column":4},"end":{"line":24,"column":57}},"9":{"start":{"line":25,"column":4},"end":{"line":25,"column":24}},"10":{"start":{"line":28,"column":4},"end":{"line":30,"column":5}},"11":{"start":{"line":29,"column":6},"end":{"line":29,"column":26}},"12":{"start":{"line":32,"column":4},"end":{"line":32,"column":16}},"13":{"start":{"line":37,"column":4},"end":{"line":37,"column":46}},"14":{"start":{"line":40,"column":4},"end":{"line":44,"column":5}},"15":{"start":{"line":41,"column":6},"end":{"line":41,"column":26}},"16":{"start":{"line":43,"column":6},"end":{"line":43,"column":18}},"17":{"start":{"line":47,"column":4},"end":{"line":47,"column":29}},"18":{"start":{"line":48,"column":4},"end":{"line":48,"column":24}},"19":{"start":{"line":50,"column":4},"end":{"line":50,"column":16}},"20":{"start":{"line":55,"column":4},"end":{"line":57,"column":5}},"21":{"start":{"line":56,"column":6},"end":{"line":56,"column":18}},"22":{"start":{"line":59,"column":4},"end":{"line":59,"column":27}},"23":{"start":{"line":63,"column":4},"end":{"line":66,"column":5}},"24":{"start":{"line":64,"column":6},"end":{"line":64,"column":30}},"25":{"start":{"line":65,"column":6},"end":{"line":65,"column":33}},"26":{"start":{"line":69,"column":4},"end":{"line":69,"column":32}},"27":{"start":{"line":71,"column":4},"end":{"line":81,"column":5}},"28":{"start":{"line":73,"column":6},"end":{"line":80,"column":7}},"29":{"start":{"line":74,"column":8},"end":{"line":79,"column":9}},"30":{"start":{"line":75,"column":10},"end":{"line":75,"column":41}},"31":{"start":{"line":76,"column":10},"end":{"line":76,"column":51}},"32":{"start":{"line":78,"column":10},"end":{"line":78,"column":41}},"33":{"start":{"line":84,"column":4},"end":{"line":86,"column":5}},"34":{"start":{"line":85,"column":6},"end":{"line":85,"column":30}},"35":{"start":{"line":88,"column":4},"end":{"line":88,"column":23}},"36":{"start":{"line":92,"column":4},"end":{"line":94,"column":5}},"37":{"start":{"line":93,"column":6},"end":{"line":93,"column":18}},"38":{"start":{"line":96,"column":4},"end":{"line":96,"column":32}},"39":{"start":{"line":98,"column":4},"end":{"line":107,"column":5}},"40":{"start":{"line":101,"column":6},"end":{"line":103,"column":7}},"41":{"start":{"line":102,"column":8},"end":{"line":102,"column":27}},"42":{"start":{"line":106,"column":6},"end":{"line":106,"column":37}},"43":{"start":{"line":109,"column":4},"end":{"line":109,"column":16}},"44":{"start":{"line":115,"column":4},"end":{"line":117,"column":5}},"45":{"start":{"line":116,"column":6},"end":{"line":116,"column":18}},"46":{"start":{"line":119,"column":4},"end":{"line":119,"column":34}},"47":{"start":{"line":121,"column":4},"end":{"line":125,"column":5}},"48":{"start":{"line":122,"column":6},"end":{"line":122,"column":33}},"49":{"start":{"line":124,"column":6},"end":{"line":124,"column":23}},"50":{"start":{"line":127,"column":4},"end":{"line":127,"column":23}},"51":{"start":{"line":132,"column":4},"end":{"line":132,"column":21}},"52":{"start":{"line":134,"column":4},"end":{"line":134,"column":32}},"53":{"start":{"line":135,"column":4},"end":{"line":138,"column":5}},"54":{"start":{"line":136,"column":6},"end":{"line":136,"column":30}},"55":{"start":{"line":137,"column":6},"end":{"line":137,"column":25}},"56":{"start":{"line":140,"column":4},"end":{"line":140,"column":17}},"57":{"start":{"line":145,"column":4},"end":{"line":145,"column":31}},"58":{"start":{"line":146,"column":4},"end":{"line":146,"column":57}},"59":{"start":{"line":146,"column":29},"end":{"line":146,"column":44}},"60":{"start":{"line":151,"column":4},"end":{"line":151,"column":29}},"61":{"start":{"line":152,"column":4},"end":{"line":152,"column":24}},"62":{"start":{"line":153,"column":4},"end":{"line":153,"column":24}},"63":{"start":{"line":155,"column":4},"end":{"line":166,"column":5}},"64":{"start":{"line":157,"column":6},"end":{"line":157,"column":31}},"65":{"start":{"line":160,"column":6},"end":{"line":160,"column":31}},"66":{"start":{"line":163,"column":6},"end":{"line":163,"column":26}},"67":{"start":{"line":164,"column":6},"end":{"line":164,"column":26}},"68":{"start":{"line":169,"column":4},"end":{"line":169,"column":26}},"69":{"start":{"line":170,"column":4},"end":{"line":170,"column":25}},"70":{"start":{"line":172,"column":4},"end":{"line":172,"column":16}},"71":{"start":{"line":176,"column":0},"end":{"line":176,"column":29}}},"branchMap":{"1":{"line":28,"type":"if","locations":[{"start":{"line":28,"column":4},"end":{"line":28,"column":4}},{"start":{"line":28,"column":4},"end":{"line":28,"column":4}}]},"2":{"line":40,"type":"if","locations":[{"start":{"line":40,"column":4},"end":{"line":40,"column":4}},{"start":{"line":40,"column":4},"end":{"line":40,"column":4}}]},"3":{"line":55,"type":"if","locations":[{"start":{"line":55,"column":4},"end":{"line":55,"column":4}},{"start":{"line":55,"column":4},"end":{"line":55,"column":4}}]},"4":{"line":63,"type":"binary-expr","locations":[{"start":{"line":63,"column":11},"end":{"line":63,"column":20}},{"start":{"line":63,"column":24},"end":{"line":63,"column":66}}]},"5":{"line":71,"type":"if","locations":[{"start":{"line":71,"column":4},"end":{"line":71,"column":4}},{"start":{"line":71,"column":4},"end":{"line":71,"column":4}}]},"6":{"line":74,"type":"if","locations":[{"start":{"line":74,"column":8},"end":{"line":74,"column":8}},{"start":{"line":74,"column":8},"end":{"line":74,"column":8}}]},"7":{"line":84,"type":"if","locations":[{"start":{"line":84,"column":4},"end":{"line":84,"column":4}},{"start":{"line":84,"column":4},"end":{"line":84,"column":4}}]},"8":{"line":92,"type":"if","locations":[{"start":{"line":92,"column":4},"end":{"line":92,"column":4}},{"start":{"line":92,"column":4},"end":{"line":92,"column":4}}]},"9":{"line":101,"type":"if","locations":[{"start":{"line":101,"column":6},"end":{"line":101,"column":6}},{"start":{"line":101,"column":6},"end":{"line":101,"column":6}}]},"10":{"line":101,"type":"binary-expr","locations":[{"start":{"line":101,"column":10},"end":{"line":101,"column":29}},{"start":{"line":101,"column":33},"end":{"line":101,"column":77}}]},"11":{"line":115,"type":"if","locations":[{"start":{"line":115,"column":4},"end":{"line":115,"column":4}},{"start":{"line":115,"column":4},"end":{"line":115,"column":4}}]},"12":{"line":121,"type":"if","locations":[{"start":{"line":121,"column":4},"end":{"line":121,"column":4}},{"start":{"line":121,"column":4},"end":{"line":121,"column":4}}]}}},"C:\\Users\\Administrator\\Desktop\\simple\\routes\\linknode.js":{"path":"C:\\Users\\Administrator\\Desktop\\simple\\routes\\linknode.js","s":{"1":26,"2":26,"3":13,"4":1},"b":{"1":[1,12]},"f":{"1":26,"2":13},"fnMap":{"1":{"name":"(anonymous_1)","line":2,"loc":{"start":{"line":2,"column":15},"end":{"line":2,"column":29}}},"2":{"name":"(anonymous_2)","line":7,"loc":{"start":{"line":7,"column":12},"end":{"line":7,"column":23}}}},"statementMap":{"1":{"start":{"line":3,"column":6},"end":{"line":3,"column":25}},"2":{"start":{"line":4,"column":6},"end":{"line":4,"column":23}},"3":{"start":{"line":8,"column":6},"end":{"line":8,"column":63}},"4":{"start":{"line":12,"column":2},"end":{"line":12,"column":35}}},"branchMap":{"1":{"line":8,"type":"cond-expr","locations":[{"start":{"line":8,"column":24},"end":{"line":8,"column":44}},{"start":{"line":8,"column":47},"end":{"line":8,"column":62}}]}}},"C:\\Users\\Administrator\\Desktop\\simple\\routes\\comparator.js":{"path":"C:\\Users\\Administrator\\Desktop\\simple\\routes\\comparator.js","s":{"1":16,"2":13,"3":5,"4":8,"5":13,"6":0,"7":0,"8":0,"9":0,"10":0,"11":0,"12":0,"13":1},"b":{"1":[16,16],"2":[5,8],"3":[6,2],"4":[0,0],"5":[0,0]},"f":{"1":16,"2":13,"3":13,"4":0,"5":0,"6":0,"7":0,"8":0},"fnMap":{"1":{"name":"(anonymous_1)","line":3,"loc":{"start":{"line":3,"column":15},"end":{"line":3,"column":33}}},"2":{"name":"(anonymous_2)","line":8,"loc":{"start":{"line":8,"column":33},"end":{"line":8,"column":40}}},"3":{"name":"(anonymous_3)","line":17,"loc":{"start":{"line":17,"column":9},"end":{"line":17,"column":16}}},"4":{"name":"(anonymous_4)","line":22,"loc":{"start":{"line":22,"column":12},"end":{"line":22,"column":19}}},"5":{"name":"(anonymous_5)","line":27,"loc":{"start":{"line":27,"column":15},"end":{"line":27,"column":22}}},"6":{"name":"(anonymous_6)","line":32,"loc":{"start":{"line":32,"column":19},"end":{"line":32,"column":26}}},"7":{"name":"(anonymous_7)","line":36,"loc":{"start":{"line":36,"column":22},"end":{"line":36,"column":29}}},"8":{"name":"(anonymous_8)","line":41,"loc":{"start":{"line":41,"column":11},"end":{"line":41,"column":14}}}},"statementMap":{"1":{"start":{"line":4,"column":6},"end":{"line":4,"column":74}},"2":{"start":{"line":9,"column":6},"end":{"line":11,"column":7}},"3":{"start":{"line":10,"column":8},"end":{"line":10,"column":17}},"4":{"start":{"line":13,"column":6},"end":{"line":13,"column":28}},"5":{"start":{"line":18,"column":6},"end":{"line":18,"column":38}},"6":{"start":{"line":23,"column":6},"end":{"line":23,"column":36}},"7":{"start":{"line":28,"column":6},"end":{"line":28,"column":36}},"8":{"start":{"line":33,"column":6},"end":{"line":33,"column":53}},"9":{"start":{"line":37,"column":6},"end":{"line":37,"column":56}},"10":{"start":{"line":42,"column":6},"end":{"line":42,"column":43}},"11":{"start":{"line":43,"column":6},"end":{"line":43,"column":53}},"12":{"start":{"line":43,"column":31},"end":{"line":43,"column":52}},"13":{"start":{"line":47,"column":2},"end":{"line":47,"column":31}}},"branchMap":{"1":{"line":4,"type":"binary-expr","locations":[{"start":{"line":4,"column":21},"end":{"line":4,"column":36}},{"start":{"line":4,"column":40},"end":{"line":4,"column":73}}]},"2":{"line":9,"type":"if","locations":[{"start":{"line":9,"column":6},"end":{"line":9,"column":6}},{"start":{"line":9,"column":6},"end":{"line":9,"column":6}}]},"3":{"line":13,"type":"cond-expr","locations":[{"start":{"line":13,"column":21},"end":{"line":13,"column":23}},{"start":{"line":13,"column":26},"end":{"line":13,"column":27}}]},"4":{"line":33,"type":"binary-expr","locations":[{"start":{"line":33,"column":13},"end":{"line":33,"column":32}},{"start":{"line":33,"column":36},"end":{"line":33,"column":52}}]},"5":{"line":37,"type":"binary-expr","locations":[{"start":{"line":37,"column":13},"end":{"line":37,"column":35}},{"start":{"line":37,"column":39},"end":{"line":37,"column":55}}]}}},"C:\\Users\\Administrator\\Desktop\\simple\\routes\\data.js":{"path":"C:\\Users\\Administrator\\Desktop\\simple\\routes\\data.js","s":{"1":1,"2":1,"3":1,"4":1,"5":1,"6":0,"7":0,"8":0,"9":0,"10":0,"11":0,"12":0,"13":0,"14":0,"15":1},"b":{},"f":{"1":0},"fnMap":{"1":{"name":"(anonymous_1)","line":9,"loc":{"start":{"line":9,"column":16},"end":{"line":9,"column":41}}}},"statementMap":{"1":{"start":{"line":1,"column":0},"end":{"line":1,"column":33}},"2":{"start":{"line":2,"column":0},"end":{"line":2,"column":30}},"3":{"start":{"line":4,"column":0},"end":{"line":4,"column":30}},"4":{"start":{"line":5,"column":0},"end":{"line":5,"column":22}},"5":{"start":{"line":9,"column":0},"end":{"line":22,"column":3}},"6":{"start":{"line":10,"column":2},"end":{"line":10,"column":26}},"7":{"start":{"line":11,"column":2},"end":{"line":11,"column":31}},"8":{"start":{"line":12,"column":2},"end":{"line":12,"column":25}},"9":{"start":{"line":13,"column":2},"end":{"line":13,"column":30}},"10":{"start":{"line":14,"column":2},"end":{"line":14,"column":25}},"11":{"start":{"line":15,"column":2},"end":{"line":15,"column":30}},"12":{"start":{"line":18,"column":2},"end":{"line":18,"column":21}},"13":{"start":{"line":19,"column":2},"end":{"line":19,"column":29}},"14":{"start":{"line":21,"column":2},"end":{"line":21,"column":21}},"15":{"start":{"line":25,"column":0},"end":{"line":25,"column":24}}},"branchMap":{}},"C:\\Users\\Administrator\\Desktop\\simple\\routes\\count.js":{"path":"C:\\Users\\Administrator\\Desktop\\simple\\routes\\count.js","s":{"1":9,"2":9,"3":1,"4":1,"5":1,"6":1,"7":1,"8":1,"9":1,"10":1,"11":1},"b":{},"f":{"1":9,"2":1,"3":1,"4":1,"5":1,"6":1,"7":1},"fnMap":{"1":{"name":"(anonymous_1)","line":3,"loc":{"start":{"line":3,"column":13},"end":{"line":3,"column":15}}},"2":{"name":"(anonymous_2)","line":9,"loc":{"start":{"line":9,"column":13},"end":{"line":9,"column":16}}},"3":{"name":"(anonymous_3)","line":13,"loc":{"start":{"line":13,"column":13},"end":{"line":13,"column":16}}},"4":{"name":"(anonymous_4)","line":17,"loc":{"start":{"line":17,"column":14},"end":{"line":17,"column":16}}},"5":{"name":"(anonymous_5)","line":22,"loc":{"start":{"line":22,"column":14},"end":{"line":22,"column":16}}},"6":{"name":"(anonymous_6)","line":27,"loc":{"start":{"line":27,"column":12},"end":{"line":27,"column":14}}},"7":{"name":"(anonymous_7)","line":31,"loc":{"start":{"line":31,"column":12},"end":{"line":31,"column":14}}}},"statementMap":{"1":{"start":{"line":4,"column":4},"end":{"line":4,"column":19}},"2":{"start":{"line":5,"column":4},"end":{"line":5,"column":19}},"3":{"start":{"line":10,"column":4},"end":{"line":10,"column":19}},"4":{"start":{"line":14,"column":4},"end":{"line":14,"column":19}},"5":{"start":{"line":18,"column":4},"end":{"line":18,"column":19}},"6":{"start":{"line":19,"column":4},"end":{"line":19,"column":24}},"7":{"start":{"line":23,"column":4},"end":{"line":23,"column":19}},"8":{"start":{"line":24,"column":4},"end":{"line":24,"column":24}},"9":{"start":{"line":28,"column":4},"end":{"line":28,"column":24}},"10":{"start":{"line":32,"column":4},"end":{"line":32,"column":24}},"11":{"start":{"line":36,"column":0},"end":{"line":36,"column":25}}},"branchMap":{}},"C:\\Users\\Administrator\\Desktop\\simple\\routes\\news.js":{"path":"C:\\Users\\Administrator\\Desktop\\simple\\routes\\news.js","s":{"1":1,"2":1,"3":1,"4":1,"5":1,"6":0,"7":0,"8":0,"9":0,"10":0,"11":0,"12":0,"13":0,"14":0,"15":1},"b":{},"f":{"1":0},"fnMap":{"1":{"name":"(anonymous_1)","line":8,"loc":{"start":{"line":8,"column":16},"end":{"line":8,"column":41}}}},"statementMap":{"1":{"start":{"line":1,"column":0},"end":{"line":1,"column":33}},"2":{"start":{"line":2,"column":0},"end":{"line":2,"column":30}},"3":{"start":{"line":4,"column":0},"end":{"line":4,"column":30}},"4":{"start":{"line":5,"column":0},"end":{"line":5,"column":22}},"5":{"start":{"line":8,"column":0},"end":{"line":20,"column":3}},"6":{"start":{"line":9,"column":2},"end":{"line":9,"column":26}},"7":{"start":{"line":10,"column":2},"end":{"line":10,"column":31}},"8":{"start":{"line":11,"column":2},"end":{"line":11,"column":25}},"9":{"start":{"line":12,"column":2},"end":{"line":12,"column":30}},"10":{"start":{"line":13,"column":2},"end":{"line":13,"column":25}},"11":{"start":{"line":14,"column":2},"end":{"line":14,"column":30}},"12":{"start":{"line":17,"column":2},"end":{"line":17,"column":21}},"13":{"start":{"line":18,"column":2},"end":{"line":18,"column":29}},"14":{"start":{"line":19,"column":2},"end":{"line":19,"column":21}},"15":{"start":{"line":22,"column":0},"end":{"line":22,"column":24}}},"branchMap":{}},"C:\\Users\\Administrator\\Desktop\\simple\\routes\\stay.js":{"path":"C:\\Users\\Administrator\\Desktop\\simple\\routes\\stay.js","s":{"1":1,"2":1,"3":1,"4":0,"5":1},"b":{},"f":{"1":0},"fnMap":{"1":{"name":"(anonymous_1)","line":5,"loc":{"start":{"line":5,"column":16},"end":{"line":5,"column":41}}}},"statementMap":{"1":{"start":{"line":1,"column":0},"end":{"line":1,"column":33}},"2":{"start":{"line":2,"column":0},"end":{"line":2,"column":30}},"3":{"start":{"line":5,"column":0},"end":{"line":7,"column":3}},"4":{"start":{"line":6,"column":2},"end":{"line":6,"column":21}},"5":{"start":{"line":9,"column":0},"end":{"line":9,"column":24}}},"branchMap":{}},"C:\\Users\\Administrator\\Desktop\\simple\\routes\\about.js":{"path":"C:\\Users\\Administrator\\Desktop\\simple\\routes\\about.js","s":{"1":1,"2":1,"3":1,"4":0,"5":1},"b":{},"f":{"1":0},"fnMap":{"1":{"name":"(anonymous_1)","line":5,"loc":{"start":{"line":5,"column":16},"end":{"line":5,"column":41}}}},"statementMap":{"1":{"start":{"line":1,"column":0},"end":{"line":1,"column":33}},"2":{"start":{"line":2,"column":0},"end":{"line":2,"column":30}},"3":{"start":{"line":5,"column":0},"end":{"line":7,"column":3}},"4":{"start":{"line":6,"column":2},"end":{"line":6,"column":22}},"5":{"start":{"line":9,"column":0},"end":{"line":9,"column":24}}},"branchMap":{}},"C:\\Users\\Administrator\\Desktop\\simple\\routes\\map.js":{"path":"C:\\Users\\Administrator\\Desktop\\simple\\routes\\map.js","s":{"1":1,"2":1,"3":1,"4":0,"5":1},"b":{},"f":{"1":0},"fnMap":{"1":{"name":"(anonymous_1)","line":5,"loc":{"start":{"line":5,"column":16},"end":{"line":5,"column":41}}}},"statementMap":{"1":{"start":{"line":1,"column":0},"end":{"line":1,"column":33}},"2":{"start":{"line":2,"column":0},"end":{"line":2,"column":30}},"3":{"start":{"line":5,"column":0},"end":{"line":7,"column":3}},"4":{"start":{"line":6,"column":2},"end":{"line":6,"column":20}},"5":{"start":{"line":9,"column":0},"end":{"line":9,"column":24}}},"branchMap":{}}}