TN:
SF:C:\Users\Administrator\Desktop\simple\app.js
FN:33,(anonymous_1)
FN:38,(anonymous_2)
FNF:2
FNH:0
FNDA:0,(anonymous_1)
FNDA:0,(anonymous_2)
DA:1,1
DA:2,1
DA:3,1
DA:4,1
DA:5,1
DA:7,1
DA:8,1
DA:9,1
DA:10,1
DA:11,1
DA:13,1
DA:16,1
DA:17,1
DA:19,1
DA:20,1
DA:21,1
DA:22,1
DA:23,1
DA:25,1
DA:26,1
DA:27,1
DA:28,1
DA:29,1
DA:33,1
DA:34,0
DA:38,1
DA:40,0
DA:41,0
DA:44,0
DA:45,0
DA:48,1
LF:31
LH:26
BRDA:41,1,0,0
BRDA:41,1,1,0
BRDA:44,2,0,0
BRDA:44,2,1,0
BRF:4
BRH:0
end_of_record
TN:
SF:C:\Users\Administrator\Desktop\simple\routes\index.js
FN:13,(anonymous_1)
FN:20,(anonymous_2)
FN:37,(anonymous_3)
FN:46,blogClick
FN:51,newsClick
FNF:5
FNH:0
FNDA:0,(anonymous_1)
FNDA:0,(anonymous_2)
FNDA:0,(anonymous_3)
FNDA:0,blogClick
FNDA:0,newsClick
DA:1,1
DA:2,1
DA:3,1
DA:5,1
DA:7,1
DA:8,1
DA:10,1
DA:13,1
DA:14,0
DA:17,1
DA:21,0
DA:22,0
DA:23,0
DA:24,0
DA:25,0
DA:27,0
DA:28,0
DA:29,0
DA:31,0
DA:33,0
DA:37,1
DA:38,0
DA:40,0
DA:41,0
DA:45,1
DA:46,1
DA:47,0
DA:50,1
DA:51,1
DA:52,0
DA:55,1
LF:31
LH:15
BRDA:24,1,0,0
BRDA:24,1,1,0
BRF:2
BRH:0
end_of_record
TN:
SF:C:\Users\Administrator\Desktop\simple\routes\linkedlist.js
FN:6,(anonymous_1)
FN:14,(anonymous_2)
FN:18,(anonymous_3)
FN:22,(anonymous_4)
FN:36,(anonymous_5)
FN:54,(anonymous_6)
FN:91,(anonymous_7)
FN:114,(anonymous_8)
FN:131,(anonymous_9)
FN:144,(anonymous_10)
FN:150,(anonymous_11)
FNF:11
FNH:11
FNDA:15,(anonymous_1)
FNDA:2,(anonymous_2)
FNDA:2,(anonymous_3)
FNDA:17,(anonymous_4)
FNDA:6,(anonymous_5)
FNDA:4,(anonymous_6)
FNDA:2,(anonymous_7)
FNDA:3,(anonymous_8)
FNDA:10,(anonymous_9)
FNDA:9,(anonymous_10)
FNDA:1,(anonymous_11)
DA:1,1
DA:2,1
DA:8,15
DA:9,15
DA:11,15
DA:15,2
DA:19,2
DA:24,17
DA:25,17
DA:28,17
DA:29,12
DA:32,17
DA:37,6
DA:40,6
DA:41,1
DA:43,1
DA:47,5
DA:48,5
DA:50,5
DA:55,4
DA:56,1
DA:59,3
DA:63,3
DA:64,2
DA:65,2
DA:69,3
DA:71,3
DA:73,2
DA:74,2
DA:75,1
DA:76,1
DA:78,1
DA:84,3
DA:85,1
DA:88,3
DA:92,2
DA:93,1
DA:96,1
DA:98,1
DA:101,2
DA:102,1
DA:106,1
DA:109,0
DA:115,3
DA:116,1
DA:119,2
DA:121,2
DA:122,1
DA:124,1
DA:127,2
DA:132,10
DA:134,10
DA:135,10
DA:136,7
DA:137,7
DA:140,10
DA:145,9
DA:146,9
DA:151,1
DA:152,1
DA:153,1
DA:155,1
DA:157,3
DA:160,3
DA:163,3
DA:164,3
DA:169,1
DA:170,1
DA:172,1
DA:176,1
LF:70
LH:69
BRDA:28,1,0,12
BRDA:28,1,1,5
BRDA:40,2,0,1
BRDA:40,2,1,5
BRDA:55,3,0,1
BRDA:55,3,1,3
BRDA:63,4,0,5
BRDA:63,4,1,4
BRDA:71,5,0,2
BRDA:71,5,1,1
BRDA:74,6,0,1
BRDA:74,6,1,1
BRDA:84,7,0,1
BRDA:84,7,1,2
BRDA:92,8,0,1
BRDA:92,8,1,1
BRDA:101,9,0,1
BRDA:101,9,1,1
BRDA:101,10,0,2
BRDA:101,10,1,2
BRDA:115,11,0,1
BRDA:115,11,1,2
BRDA:121,12,0,1
BRDA:121,12,1,1
BRF:24
BRH:24
end_of_record
TN:
SF:C:\Users\Administrator\Desktop\simple\routes\linknode.js
FN:2,(anonymous_1)
FN:7,(anonymous_2)
FNF:2
FNH:2
FNDA:24,(anonymous_1)
FNDA:13,(anonymous_2)
DA:3,24
DA:4,24
DA:8,13
DA:12,1
LF:4
LH:4
BRDA:8,1,0,1
BRDA:8,1,1,12
BRF:2
BRH:2
end_of_record
TN:
SF:C:\Users\Administrator\Desktop\simple\routes\comparator.js
FN:3,(anonymous_1)
FN:8,(anonymous_2)
FN:17,(anonymous_3)
FN:22,(anonymous_4)
FN:27,(anonymous_5)
FN:32,(anonymous_6)
FN:36,(anonymous_7)
FN:41,(anonymous_8)
FNF:8
FNH:7
FNDA:19,(anonymous_1)
FNDA:20,(anonymous_2)
FNDA:14,(anonymous_3)
FNDA:3,(anonymous_4)
FNDA:3,(anonymous_5)
FNDA:2,(anonymous_6)
FNDA:2,(anonymous_7)
FNDA:0,(anonymous_8)
DA:4,19
DA:9,20
DA:10,9
DA:13,11
DA:18,14
DA:23,3
DA:28,3
DA:33,2
DA:37,2
DA:42,0
DA:43,0
DA:47,1
LF:12
LH:10
BRDA:4,1,0,19
BRDA:4,1,1,19
BRDA:9,2,0,9
BRDA:9,2,1,11
BRDA:13,3,0,9
BRDA:13,3,1,2
BRDA:33,4,0,2
BRDA:33,4,1,1
BRDA:37,5,0,2
BRDA:37,5,1,2
BRF:10
BRH:10
end_of_record
TN:
SF:C:\Users\Administrator\Desktop\simple\routes\data.js
FN:5,(anonymous_1)
FNF:1
FNH:0
FNDA:0,(anonymous_1)
DA:1,1
DA:2,1
DA:5,1
DA:6,0
DA:9,1
LF:5
LH:4
BRF:0
BRH:0
end_of_record
TN:
SF:C:\Users\Administrator\Desktop\simple\routes\news.js
FN:5,(anonymous_1)
FNF:1
FNH:0
FNDA:0,(anonymous_1)
DA:1,1
DA:2,1
DA:5,1
DA:6,0
DA:9,1
LF:5
LH:4
BRF:0
BRH:0
end_of_record
TN:
SF:C:\Users\Administrator\Desktop\simple\routes\stay.js
FN:5,(anonymous_1)
FNF:1
FNH:0
FNDA:0,(anonymous_1)
DA:1,1
DA:2,1
DA:5,1
DA:6,0
DA:9,1
LF:5
LH:4
BRF:0
BRH:0
end_of_record
TN:
SF:C:\Users\Administrator\Desktop\simple\routes\about.js
FN:5,(anonymous_1)
FNF:1
FNH:0
FNDA:0,(anonymous_1)
DA:1,1
DA:2,1
DA:5,1
DA:6,0
DA:9,1
LF:5
LH:4
BRF:0
BRH:0
end_of_record
